<?xml version="1.0" encoding="UTF-8"?>
<!-- Generated by org.testng.reporters.JUnitReportReporter -->
<testsuite hostname="TYSS-Apoorva" failures="0" tests="1" name="IT.Run_Test" time="27.249" errors="0" timestamp="2024-05-27T17:44:53 IST" skipped="0">
  <testcase classname="IT.Run_Test" name="run" time="27.249">
    <system-out>
      <![CDATA[Hello browser]]>
    </system-out>
  </testcase> <!-- run -->
  <system-out>
    <![CDATA[Hello browser]]>
  </system-out>
</testsuite> <!-- IT.Run_Test -->
