<?xml version="1.0" encoding="UTF-8"?>
<!-- Generated by org.testng.reporters.JUnitReportReporter -->
<testsuite hostname="TYSS-Apoorva" failures="0" tests="1" name="FT.To_launch_Maybelline_Test" time="8.510" errors="0" timestamp="2024-04-30T12:30:17 IST" skipped="0">
  <testcase classname="FT.To_launch_Maybelline_Test" name="maybelline" time="8.510"/>
  <system-out>
    <![CDATA[I am poco]]>
  </system-out>
</testsuite> <!-- FT.To_launch_Maybelline_Test -->
