<?xml version="1.0" encoding="UTF-8"?>
<!-- Generated by org.testng.reporters.JUnitReportReporter -->
<testsuite hostname="TYSS-Apoorva" failures="0" tests="1" name="IT.To_launch_Ajio_Test" time="3.384" errors="0" timestamp="2024-04-30T12:30:17 IST" skipped="0">
  <testcase classname="IT.To_launch_Ajio_Test" name="ajioApp" time="3.384"/>
  <system-out>
    <![CDATA[I am poco]]>
  </system-out>
</testsuite> <!-- IT.To_launch_Ajio_Test -->
