<?xml version="1.0" encoding="UTF-8"?>
<!-- Generated by org.testng.reporters.JUnitReportReporter -->
<testsuite hostname="TYSS-Apoorva" failures="0" tests="1" name="IT.To_launch_Flipcart_Test" time="5.648" errors="0" timestamp="2024-04-30T12:30:17 IST" skipped="0">
  <testcase classname="IT.To_launch_Flipcart_Test" name="flipcart" time="5.648"/>
  <system-out>
    <![CDATA[I am poco]]>
  </system-out>
</testsuite> <!-- IT.To_launch_Flipcart_Test -->
