<?xml version="1.0" encoding="UTF-8"?>
<!-- Generated by org.testng.reporters.JUnitReportReporter -->
<testsuite hostname="TYSS-Apoorva" failures="0" tests="1" name="ST.To_launch_Poco_Test" time="5.997" errors="0" timestamp="2024-04-30T12:30:17 IST" skipped="0">
  <testcase classname="ST.To_launch_Poco_Test" name="poco" time="5.997">
    <system-out>
      <![CDATA[I am poco]]>
    </system-out>
  </testcase> <!-- poco -->
  <system-out>
    <![CDATA[I am poco]]>
  </system-out>
</testsuite> <!-- ST.To_launch_Poco_Test -->
