<?xml version="1.0" encoding="UTF-8"?>
<!-- Generated by org.testng.reporters.JUnitReportReporter -->
<testsuite hostname="TYSS-Apoorva" failures="0" tests="1" name="ST.To_launch_Samsung_Test" time="7.770" errors="0" timestamp="2024-04-30T12:30:17 IST" skipped="0">
  <testcase classname="ST.To_launch_Samsung_Test" name="samsung" time="7.770"/>
  <system-out>
    <![CDATA[I am poco]]>
  </system-out>
</testsuite> <!-- ST.To_launch_Samsung_Test -->
