<?xml version="1.0" encoding="UTF-8"?>
<!-- Generated by org.testng.reporters.JUnitReportReporter -->
<testsuite hostname="TYSS-Apoorva" failures="0" tests="1" name="FT.To_launch_Purplle_Test" time="2.843" errors="0" timestamp="2024-04-30T12:30:17 IST" skipped="0">
  <testcase classname="FT.To_launch_Purplle_Test" name="purplle" time="2.843"/>
  <system-out>
    <![CDATA[I am poco]]>
  </system-out>
</testsuite> <!-- FT.To_launch_Purplle_Test -->
