<?xml version="1.0" encoding="UTF-8"?>
<!-- Generated by org.testng.reporters.JUnitReportReporter -->
<testsuite hostname="TYSS-Apoorva" failures="0" tests="1" name="ST.To_launch_Motorola_Test" time="5.716" errors="0" timestamp="2024-04-20T13:00:21 IST" skipped="0">
  <testcase classname="ST.To_launch_Motorola_Test" name="motorola" time="5.716"/>
</testsuite> <!-- ST.To_launch_Motorola_Test -->
