<?xml version="1.0" encoding="UTF-8"?>
<!-- Generated by org.testng.reporters.JUnitReportReporter -->
<testsuite hostname="TYSS-Apoorva" failures="0" tests="1" name="FT.Run" time="0.018" errors="0" timestamp="2024-04-18T12:51:20 IST" skipped="0">
  <testcase classname="FT.Run" name="run" time="0.018"/>
</testsuite> <!-- FT.Run -->
