<?xml version="1.0" encoding="UTF-8"?>
<!-- Generated by org.testng.reporters.JUnitReportReporter -->
<testsuite hostname="TYSS-Apoorva" failures="0" tests="1" name="IT.To_launch_Myntra_Test" time="34.164" errors="0" timestamp="2024-05-27T17:38:34 IST" skipped="0">
  <testcase classname="IT.To_launch_Myntra_Test" name="myntra" time="34.164"/>
</testsuite> <!-- IT.To_launch_Myntra_Test -->
